com.mysql.jdbc.exceptions.MySQLIntegrityConstraintViolationException: Duplicate entry 'test' for key 2
	at com.mysql.jdbc.SQLError.createSQLException(SQLError.java:931)
	at com.mysql.jdbc.MysqlIO.checkErrorPacket(MysqlIO.java:2985)
	at com.mysql.jdbc.MysqlIO.sendCommand(MysqlIO.java:1631)
	at com.mysql.jdbc.MysqlIO.sqlQueryDirect(MysqlIO.java:1723)
	at com.mysql.jdbc.Connection.execSQL(Connection.java:3250)
	at com.mysql.jdbc.Statement.executeUpdate(Statement.java:1355)
	at com.mysql.jdbc.Statement.executeUpdate(Statement.java:1270)
	at uk.ac.dundee.computing.aec.input.doPost(input.java:24)
	at javax.servlet.http.HttpServlet.service(HttpServlet.java:154)
	at javax.servlet.http.HttpServlet.service(HttpServlet.java:92)
	at com.caucho.server.dispatch.ServletFilterChain.doFilter(ServletFilterChain.java:106)
	at com.caucho.server.webapp.WebAppFilterChain.doFilter(WebAppFilterChain.java:173)
	at com.caucho.server.dispatch.ServletInvocation.service(ServletInvocation.java:229)
	at com.caucho.server.http.HttpRequest.handleRequest(HttpRequest.java:274)
	at com.caucho.server.port.TcpConnection.run(TcpConnection.java:511)
	at com.caucho.util.ThreadPool.runTasks(ThreadPool.java:516)
	at com.caucho.util.ThreadPool.run(ThreadPool.java:442)
	at java.lang.Thread.run(Thread.java:595)
com.mysql.jdbc.exceptions.MySQLIntegrityConstraintViolationException: Duplicate entry 'test' for key 2
	at com.mysql.jdbc.SQLError.createSQLException(SQLError.java:931)
	at com.mysql.jdbc.MysqlIO.checkErrorPacket(MysqlIO.java:2985)
	at com.mysql.jdbc.MysqlIO.sendCommand(MysqlIO.java:1631)
	at com.mysql.jdbc.MysqlIO.sqlQueryDirect(MysqlIO.java:1723)
	at com.mysql.jdbc.Connection.execSQL(Connection.java:3250)
	at com.mysql.jdbc.Statement.executeUpdate(Statement.java:1355)
	at com.mysql.jdbc.Statement.executeUpdate(Statement.java:1270)
	at uk.ac.dundee.computing.aec.input.doPost(input.java:24)
	at javax.servlet.http.HttpServlet.service(HttpServlet.java:154)
	at javax.servlet.http.HttpServlet.service(HttpServlet.java:92)
	at com.caucho.server.dispatch.ServletFilterChain.doFilter(ServletFilterChain.java:106)
	at com.caucho.server.webapp.WebAppFilterChain.doFilter(WebAppFilterChain.java:173)
	at com.caucho.server.dispatch.ServletInvocation.service(ServletInvocation.java:229)
	at com.caucho.server.http.HttpRequest.handleRequest(HttpRequest.java:274)
	at com.caucho.server.port.TcpConnection.run(TcpConnection.java:511)
	at com.caucho.util.ThreadPool.runTasks(ThreadPool.java:516)
	at com.caucho.util.ThreadPool.run(ThreadPool.java:442)
	at java.lang.Thread.run(Thread.java:595)
java.sql.SQLException: Can not issue data manipulation statements with executeQuery().
	at com.mysql.jdbc.SQLError.createSQLException(SQLError.java:910)
	at com.mysql.jdbc.Statement.checkForDml(Statement.java:412)
	at com.mysql.jdbc.Statement.executeQuery(Statement.java:1115)
	at uk.ac.dundee.computing.aec.change.doPost(change.java:33)
	at javax.servlet.http.HttpServlet.service(HttpServlet.java:154)
	at javax.servlet.http.HttpServlet.service(HttpServlet.java:92)
	at com.caucho.server.dispatch.ServletFilterChain.doFilter(ServletFilterChain.java:106)
	at com.caucho.server.webapp.WebAppFilterChain.doFilter(WebAppFilterChain.java:173)
	at com.caucho.server.dispatch.ServletInvocation.service(ServletInvocation.java:229)
	at com.caucho.server.http.HttpRequest.handleRequest(HttpRequest.java:274)
	at com.caucho.server.port.TcpConnection.run(TcpConnection.java:511)
	at com.caucho.util.ThreadPool.runTasks(ThreadPool.java:516)
	at com.caucho.util.ThreadPool.run(ThreadPool.java:442)
	at java.lang.Thread.run(Thread.java:595)
java.sql.SQLException: Can not issue data manipulation statements with executeQuery().
	at com.mysql.jdbc.SQLError.createSQLException(SQLError.java:910)
	at com.mysql.jdbc.Statement.checkForDml(Statement.java:412)
	at com.mysql.jdbc.Statement.executeQuery(Statement.java:1115)
	at uk.ac.dundee.computing.aec.change.doPost(change.java:33)
	at javax.servlet.http.HttpServlet.service(HttpServlet.java:154)
	at javax.servlet.http.HttpServlet.service(HttpServlet.java:92)
	at com.caucho.server.dispatch.ServletFilterChain.doFilter(ServletFilterChain.java:106)
	at com.caucho.server.webapp.WebAppFilterChain.doFilter(WebAppFilterChain.java:173)
	at com.caucho.server.dispatch.ServletInvocation.service(ServletInvocation.java:229)
	at com.caucho.server.http.HttpRequest.handleRequest(HttpRequest.java:274)
	at com.caucho.server.port.TcpConnection.run(TcpConnection.java:511)
	at com.caucho.util.ThreadPool.runTasks(ThreadPool.java:516)
	at com.caucho.util.ThreadPool.run(ThreadPool.java:442)
	at java.lang.Thread.run(Thread.java:595)
com.mysql.jdbc.exceptions.MySQLIntegrityConstraintViolationException: Duplicate entry 'null' for key 2
	at com.mysql.jdbc.SQLError.createSQLException(SQLError.java:931)
	at com.mysql.jdbc.MysqlIO.checkErrorPacket(MysqlIO.java:2985)
	at com.mysql.jdbc.MysqlIO.sendCommand(MysqlIO.java:1631)
	at com.mysql.jdbc.MysqlIO.sqlQueryDirect(MysqlIO.java:1723)
	at com.mysql.jdbc.Connection.execSQL(Connection.java:3250)
	at com.mysql.jdbc.Statement.executeUpdate(Statement.java:1355)
	at com.mysql.jdbc.Statement.executeUpdate(Statement.java:1270)
	at _jsp._input__jsp._jspService(_input__jsp.java:40)
	at com.caucho.jsp.JavaPage.service(JavaPage.java:60)
	at com.caucho.jsp.Page.pageservice(Page.java:570)
	at com.caucho.server.dispatch.PageFilterChain.doFilter(PageFilterChain.java:179)
	at com.caucho.server.webapp.WebAppFilterChain.doFilter(WebAppFilterChain.java:173)
	at com.caucho.server.dispatch.ServletInvocation.service(ServletInvocation.java:229)
	at com.caucho.server.http.HttpRequest.handleRequest(HttpRequest.java:274)
	at com.caucho.server.port.TcpConnection.run(TcpConnection.java:511)
	at com.caucho.util.ThreadPool.runTasks(ThreadPool.java:516)
	at com.caucho.util.ThreadPool.run(ThreadPool.java:442)
	at java.lang.Thread.run(Thread.java:595)
